model.safetensors:  73%|█████████████████████████████████████████████▎                | 365M/499M [00:50<00:08, 15.3MB/s]Traceback (most recent call last):
  File "/Users/caolu/opt/anaconda3/envs/multi/lib/python3.11/site-packages/huggingface_hub/file_download.py", line 626, in xet_get
    download_files(
RuntimeError: Xet Runtime Error: Task cancelled; possible runtime shutdown in progress (task 9 was cancelled).

During handling of the above exception, another exception occurred:

Traceback (most recent call last):
  File "/Users/caolu/Desktop/AI_Lab5/main.py", line 116, in <module>
    model = DynamicGatedFusionModel(config)
            ^^^^^^^^^^^^^^^^^^^^^^^^^^^^^^^
  File "/Users/caolu/Desktop/AI_Lab5/FusionModels.py", line 237, in __init__
    self.text_model = TextModel(config)
                      ^^^^^^^^^^^^^^^^^
  File "/Users/caolu/Desktop/AI_Lab5/FusionModels.py", line 58, in __init__
    self.roberta = RobertaModel.from_pretrained(
                   ^^^^^^^^^^^^^^^^^^^^^^^^^^^^^
  File "/Users/caolu/opt/anaconda3/envs/multi/lib/python3.11/site-packages/transformers/modeling_utils.py", line 3825, in from_pretrained
    resolved_archive_file = cached_file(pretrained_model_name_or_path, filename, **cached_file_kwargs)
                            ^^^^^^^^^^^^^^^^^^^^^^^^^^^^^^^^^^^^^^^^^^^^^^^^^^^^^^^^^^^^^^^^^^^^^^^^^^
  File "/Users/caolu/opt/anaconda3/envs/multi/lib/python3.11/site-packages/transformers/utils/hub.py", line 403, in cached_file
    resolved_file = hf_hub_download(
                    ^^^^^^^^^^^^^^^^
  File "/Users/caolu/opt/anaconda3/envs/multi/lib/python3.11/site-packages/huggingface_hub/utils/_validators.py", line 114, in _inner_fn
    return fn(*args, **kwargs)
           ^^^^^^^^^^^^^^^^^^^
  File "/Users/caolu/opt/anaconda3/envs/multi/lib/python3.11/site-packages/huggingface_hub/file_download.py", line 1007, in hf_hub_download
    return _hf_hub_download_to_cache_dir(
           ^^^^^^^^^^^^^^^^^^^^^^^^^^^^^^
  File "/Users/caolu/opt/anaconda3/envs/multi/lib/python3.11/site-packages/huggingface_hub/file_download.py", line 1168, in _hf_hub_download_to_cache_dir
    _download_to_tmp_and_move(
  File "/Users/caolu/opt/anaconda3/envs/multi/lib/python3.11/site-packages/huggingface_hub/file_download.py", line 1720, in _download_to_tmp_and_move
    xet_get(
  File "/Users/caolu/opt/anaconda3/envs/multi/lib/python3.11/site-packages/huggingface_hub/file_download.py", line 621, in xet_get
    with progress_cm as progress:
  File "/Users/caolu/opt/anaconda3/envs/multi/lib/python3.11/site-packages/tqdm/std.py", line 1138, in __exit__
    def __exit__(self, exc_type, exc_value, traceback):

KeyboardInterrupt
