Some weights of RobertaModel were not initialized from the model checkpoint at FacebookAI/roberta-base and are newly initialized: ['roberta.pooler.dense.bias', 'roberta.pooler.dense.weight']
You should probably TRAIN this model on a down-stream task to be able to use it for predictions and inference.
Epoch 1/50: 100%|â–ˆâ–ˆâ–ˆâ–ˆâ–ˆâ–ˆâ–ˆâ–ˆâ–ˆâ–ˆâ–ˆâ–ˆâ–ˆâ–ˆâ–ˆâ–ˆâ–ˆâ–ˆâ–ˆâ–ˆâ–ˆâ–ˆâ–ˆâ–ˆâ–ˆâ–ˆâ–ˆâ–ˆâ–ˆâ–ˆâ–ˆâ–ˆâ–ˆâ–ˆâ–ˆâ–ˆâ–ˆâ–ˆâ–ˆâ–ˆâ–ˆâ–ˆâ–ˆâ–ˆâ–ˆâ–ˆ| 200/200 [14:39<00:00,  4.40s/it]
Evaluating: 100%|â–ˆâ–ˆâ–ˆâ–ˆâ–ˆâ–ˆâ–ˆâ–ˆâ–ˆâ–ˆâ–ˆâ–ˆâ–ˆâ–ˆâ–ˆâ–ˆâ–ˆâ–ˆâ–ˆâ–ˆâ–ˆâ–ˆâ–ˆâ–ˆâ–ˆâ–ˆâ–ˆâ–ˆâ–ˆâ–ˆâ–ˆâ–ˆâ–ˆâ–ˆâ–ˆâ–ˆâ–ˆâ–ˆâ–ˆâ–ˆâ–ˆâ–ˆâ–ˆâ–ˆâ–ˆâ–ˆâ–ˆâ–ˆ| 50/50 [00:45<00:00,  1.10it/s]
Saved 230 bad cases to bad_cases.txt
[34m[1mwandb[0m: [32m[41mERROR[0m An error occurred while verifying the API key.
Traceback (most recent call last):
  File "/Users/caolu/opt/anaconda3/envs/multi/lib/python3.11/site-packages/urllib3/connectionpool.py", line 773, in urlopen
    self._prepare_proxy(conn)
  File "/Users/caolu/opt/anaconda3/envs/multi/lib/python3.11/site-packages/urllib3/connectionpool.py", line 1042, in _prepare_proxy
    conn.connect()
  File "/Users/caolu/opt/anaconda3/envs/multi/lib/python3.11/site-packages/urllib3/connection.py", line 796, in connect
    sock_and_verified = _ssl_wrap_socket_and_match_hostname(
                        ^^^^^^^^^^^^^^^^^^^^^^^^^^^^^^^^^^^^
  File "/Users/caolu/opt/anaconda3/envs/multi/lib/python3.11/site-packages/urllib3/connection.py", line 975, in _ssl_wrap_socket_and_match_hostname
    ssl_sock = ssl_wrap_socket(
               ^^^^^^^^^^^^^^^^
  File "/Users/caolu/opt/anaconda3/envs/multi/lib/python3.11/site-packages/urllib3/util/ssl_.py", line 483, in ssl_wrap_socket
    ssl_sock = _ssl_wrap_socket_impl(sock, context, tls_in_tls, server_hostname)
               ^^^^^^^^^^^^^^^^^^^^^^^^^^^^^^^^^^^^^^^^^^^^^^^^^^^^^^^^^^^^^^^^^
  File "/Users/caolu/opt/anaconda3/envs/multi/lib/python3.11/site-packages/urllib3/util/ssl_.py", line 527, in _ssl_wrap_socket_impl
    return ssl_context.wrap_socket(sock, server_hostname=server_hostname)
           ^^^^^^^^^^^^^^^^^^^^^^^^^^^^^^^^^^^^^^^^^^^^^^^^^^^^^^^^^^^^^^
  File "/Users/caolu/opt/anaconda3/envs/multi/lib/python3.11/ssl.py", line 517, in wrap_socket
    return self.sslsocket_class._create(
           ^^^^^^^^^^^^^^^^^^^^^^^^^^^^^
  File "/Users/caolu/opt/anaconda3/envs/multi/lib/python3.11/ssl.py", line 1104, in _create
    self.do_handshake()
  File "/Users/caolu/opt/anaconda3/envs/multi/lib/python3.11/ssl.py", line 1382, in do_handshake
    self._sslobj.do_handshake()
TimeoutError: _ssl.c:999: The handshake operation timed out

The above exception was the direct cause of the following exception:

Traceback (most recent call last):
  File "/Users/caolu/opt/anaconda3/envs/multi/lib/python3.11/site-packages/requests/adapters.py", line 644, in send
    resp = conn.urlopen(
           ^^^^^^^^^^^^^
  File "/Users/caolu/opt/anaconda3/envs/multi/lib/python3.11/site-packages/urllib3/connectionpool.py", line 841, in urlopen
    retries = retries.increment(
              ^^^^^^^^^^^^^^^^^^
  File "/Users/caolu/opt/anaconda3/envs/multi/lib/python3.11/site-packages/urllib3/util/retry.py", line 490, in increment
    raise reraise(type(error), error, _stacktrace)
          ^^^^^^^^^^^^^^^^^^^^^^^^^^^^^^^^^^^^^^^^
  File "/Users/caolu/opt/anaconda3/envs/multi/lib/python3.11/site-packages/urllib3/util/util.py", line 39, in reraise
    raise value
  File "/Users/caolu/opt/anaconda3/envs/multi/lib/python3.11/site-packages/urllib3/connectionpool.py", line 775, in urlopen
    self._raise_timeout(
  File "/Users/caolu/opt/anaconda3/envs/multi/lib/python3.11/site-packages/urllib3/connectionpool.py", line 367, in _raise_timeout
    raise ReadTimeoutError(
urllib3.exceptions.ReadTimeoutError: HTTPSConnectionPool(host='api.wandb.ai', port=443): Read timed out. (read timeout=20)

During handling of the above exception, another exception occurred:

Traceback (most recent call last):
  File "/Users/caolu/opt/anaconda3/envs/multi/lib/python3.11/site-packages/wandb/sdk/wandb_login.py", line 299, in _verify_login
    is_api_key_valid = api.validate_api_key()
                       ^^^^^^^^^^^^^^^^^^^^^^
  File "/Users/caolu/opt/anaconda3/envs/multi/lib/python3.11/site-packages/wandb/apis/internal.py", line 66, in validate_api_key
    return self.api.validate_api_key()
           ^^^^^^^^^^^^^^^^^^^^^^^^^^^
  File "/Users/caolu/opt/anaconda3/envs/multi/lib/python3.11/site-packages/wandb/sdk/internal/internal_api.py", line 408, in validate_api_key
    res = self.execute(gql("query { viewer { id } }"))
          ^^^^^^^^^^^^^^^^^^^^^^^^^^^^^^^^^^^^^^^^^^^^
  File "/Users/caolu/opt/anaconda3/envs/multi/lib/python3.11/site-packages/wandb/sdk/internal/internal_api.py", line 397, in execute
    return self.client.execute(*args, **kwargs)  # type: ignore
           ^^^^^^^^^^^^^^^^^^^^^^^^^^^^^^^^^^^^
  File "/Users/caolu/opt/anaconda3/envs/multi/lib/python3.11/site-packages/wandb/vendor/gql-0.2.0/wandb_gql/client.py", line 52, in execute
    result = self._get_result(document, *args, **kwargs)
             ^^^^^^^^^^^^^^^^^^^^^^^^^^^^^^^^^^^^^^^^^^^
  File "/Users/caolu/opt/anaconda3/envs/multi/lib/python3.11/site-packages/wandb/vendor/gql-0.2.0/wandb_gql/client.py", line 60, in _get_result
    return self.transport.execute(document, *args, **kwargs)
           ^^^^^^^^^^^^^^^^^^^^^^^^^^^^^^^^^^^^^^^^^^^^^^^^^
  File "/Users/caolu/opt/anaconda3/envs/multi/lib/python3.11/site-packages/wandb/sdk/lib/gql_request.py", line 70, in execute
    request = self.session.post(self.url, **post_args)
              ^^^^^^^^^^^^^^^^^^^^^^^^^^^^^^^^^^^^^^^^
  File "/Users/caolu/opt/anaconda3/envs/multi/lib/python3.11/site-packages/requests/sessions.py", line 637, in post
    return self.request("POST", url, data=data, json=json, **kwargs)
           ^^^^^^^^^^^^^^^^^^^^^^^^^^^^^^^^^^^^^^^^^^^^^^^^^^^^^^^^^
  File "/Users/caolu/opt/anaconda3/envs/multi/lib/python3.11/site-packages/requests/sessions.py", line 589, in request
    resp = self.send(prep, **send_kwargs)
           ^^^^^^^^^^^^^^^^^^^^^^^^^^^^^^
  File "/Users/caolu/opt/anaconda3/envs/multi/lib/python3.11/site-packages/requests/sessions.py", line 703, in send
    r = adapter.send(request, **kwargs)
        ^^^^^^^^^^^^^^^^^^^^^^^^^^^^^^^
  File "/Users/caolu/opt/anaconda3/envs/multi/lib/python3.11/site-packages/requests/adapters.py", line 690, in send
    raise ReadTimeout(e, request=request)
requests.exceptions.ReadTimeout: HTTPSConnectionPool(host='api.wandb.ai', port=443): Read timed out. (read timeout=20)

The above exception was the direct cause of the following exception:

Traceback (most recent call last):
  File "/Users/caolu/Desktop/AI_Lab5/main.py", line 134, in <module>
    val_accuracy = trainer.train(train_dataloader, valid_dataloader, config.epochs, evaluate_every=1)
                   ^^^^^^^^^^^^^^^^^^^^^^^^^^^^^^^^^^^^^^^^^^^^^^^^^^^^^^^^^^^^^^^^^^^^^^^^^^^^^^^^^^
  File "/Users/caolu/Desktop/AI_Lab5/train_validate.py", line 184, in train
    wandb.log({
  File "/Users/caolu/opt/anaconda3/envs/multi/lib/python3.11/site-packages/wandb/sdk/wandb_run.py", line 400, in wrapper
    return func(self, *args, **kwargs)
           ^^^^^^^^^^^^^^^^^^^^^^^^^^^
  File "/Users/caolu/opt/anaconda3/envs/multi/lib/python3.11/site-packages/wandb/sdk/wandb_run.py", line 458, in wrapper_fn
    return func(self, *args, **kwargs)
           ^^^^^^^^^^^^^^^^^^^^^^^^^^^
  File "/Users/caolu/opt/anaconda3/envs/multi/lib/python3.11/site-packages/wandb/sdk/wandb_run.py", line 445, in wrapper
    return func(self, *args, **kwargs)
           ^^^^^^^^^^^^^^^^^^^^^^^^^^^
  File "/Users/caolu/opt/anaconda3/envs/multi/lib/python3.11/site-packages/wandb/sdk/wandb_run.py", line 2042, in log
    self._log(data=data, step=step, commit=commit)
  File "/Users/caolu/opt/anaconda3/envs/multi/lib/python3.11/site-packages/wandb/sdk/wandb_run.py", line 1753, in _log
    self._partial_history_callback(data, step, commit)
  File "/Users/caolu/opt/anaconda3/envs/multi/lib/python3.11/site-packages/wandb/sdk/wandb_run.py", line 400, in wrapper
    return func(self, *args, **kwargs)
           ^^^^^^^^^^^^^^^^^^^^^^^^^^^
  File "/Users/caolu/opt/anaconda3/envs/multi/lib/python3.11/site-packages/wandb/sdk/wandb_run.py", line 1581, in _partial_history_callback
    self._backend.interface.publish_partial_history(
  File "/Users/caolu/opt/anaconda3/envs/multi/lib/python3.11/site-packages/wandb/sdk/interface/interface.py", line 689, in publish_partial_history
    data = history_dict_to_json(run, data, step=user_step, ignore_copy_err=True)
           ^^^^^^^^^^^^^^^^^^^^^^^^^^^^^^^^^^^^^^^^^^^^^^^^^^^^^^^^^^^^^^^^^^^^^
  File "/Users/caolu/opt/anaconda3/envs/multi/lib/python3.11/site-packages/wandb/sdk/data_types/utils.py", line 54, in history_dict_to_json
    payload[key] = val_to_json(
                   ^^^^^^^^^^^^
  File "/Users/caolu/opt/anaconda3/envs/multi/lib/python3.11/site-packages/wandb/sdk/data_types/utils.py", line 151, in val_to_json
    _log_table_artifact(val, key, run)
  File "/Users/caolu/opt/anaconda3/envs/multi/lib/python3.11/site-packages/wandb/sdk/data_types/utils.py", line 202, in _log_table_artifact
    run.log_artifact(art)
  File "/Users/caolu/opt/anaconda3/envs/multi/lib/python3.11/site-packages/wandb/sdk/wandb_run.py", line 400, in wrapper
    return func(self, *args, **kwargs)
           ^^^^^^^^^^^^^^^^^^^^^^^^^^^
  File "/Users/caolu/opt/anaconda3/envs/multi/lib/python3.11/site-packages/wandb/sdk/wandb_run.py", line 458, in wrapper_fn
    return func(self, *args, **kwargs)
           ^^^^^^^^^^^^^^^^^^^^^^^^^^^
  File "/Users/caolu/opt/anaconda3/envs/multi/lib/python3.11/site-packages/wandb/sdk/wandb_run.py", line 445, in wrapper
    return func(self, *args, **kwargs)
           ^^^^^^^^^^^^^^^^^^^^^^^^^^^
  File "/Users/caolu/opt/anaconda3/envs/multi/lib/python3.11/site-packages/wandb/sdk/wandb_run.py", line 3174, in log_artifact
    return self._log_artifact(
           ^^^^^^^^^^^^^^^^^^^
  File "/Users/caolu/opt/anaconda3/envs/multi/lib/python3.11/site-packages/wandb/sdk/wandb_run.py", line 3319, in _log_artifact
    self._assert_can_log_artifact(artifact)
  File "/Users/caolu/opt/anaconda3/envs/multi/lib/python3.11/site-packages/wandb/sdk/wandb_run.py", line 3379, in _assert_can_log_artifact
    public_api = self._public_api()
                 ^^^^^^^^^^^^^^^^^^
  File "/Users/caolu/opt/anaconda3/envs/multi/lib/python3.11/site-packages/wandb/sdk/wandb_run.py", line 3367, in _public_api
    self._cached_public_api = public.Api(overrides, api_key=self._settings.api_key)
                              ^^^^^^^^^^^^^^^^^^^^^^^^^^^^^^^^^^^^^^^^^^^^^^^^^^^^^
  File "/Users/caolu/opt/anaconda3/envs/multi/lib/python3.11/site-packages/wandb/apis/public/api.py", line 199, in __init__
    wandb_login._verify_login(
  File "/Users/caolu/opt/anaconda3/envs/multi/lib/python3.11/site-packages/wandb/sdk/wandb_login.py", line 305, in _verify_login
    raise AuthenticationError(
wandb.errors.errors.AuthenticationError: An error occurred while verifying the API key.
